[2018-11-27 19:49:06] production.ERROR: The "" directory does not exist. {"exception":"[object] (InvalidArgumentException(code: 0): The \"\" directory does not exist. at /home/sguser/sugar-garden.org/vendor/symfony/finder/Finder.php:539)
[stacktrace]
#0 /home/sguser/sugar-garden.org/vendor/laravel/framework/src/Illuminate/Foundation/Bootstrap/LoadConfiguration.php(87): Symfony\\Component\\Finder\\Finder->in(false)
#1 /home/sguser/sugar-garden.org/vendor/laravel/framework/src/Illuminate/Foundation/Bootstrap/LoadConfiguration.php(64): Illuminate\\Foundation\\Bootstrap\\LoadConfiguration->getConfigurationFiles(Object(Illuminate\\Foundation\\Application))
#2 /home/sguser/sugar-garden.org/vendor/laravel/framework/src/Illuminate/Foundation/Bootstrap/LoadConfiguration.php(39): Illuminate\\Foundation\\Bootstrap\\LoadConfiguration->loadConfigurationFiles(Object(Illuminate\\Foundation\\Application), Object(Illuminate\\Config\\Repository))
#3 /home/sguser/sugar-garden.org/vendor/laravel/framework/src/Illuminate/Foundation/Application.php(213): Illuminate\\Foundation\\Bootstrap\\LoadConfiguration->bootstrap(Object(Illuminate\\Foundation\\Application))
#4 /home/sguser/sugar-garden.org/vendor/laravel/framework/src/Illuminate/Foundation/Console/Kernel.php(296): Illuminate\\Foundation\\Application->bootstrapWith(Array)
#5 /home/sguser/sugar-garden.org/vendor/laravel/framework/src/Illuminate/Foundation/Console/Kernel.php(119): Illuminate\\Foundation\\Console\\Kernel->bootstrap()
#6 /home/sguser/sugar-garden.org/artisan(73): Illuminate\\Foundation\\Console\\Kernel->handle(Object(Symfony\\Component\\Console\\Input\\ArgvInput), Object(Symfony\\Component\\Console\\Output\\ConsoleOutput))
#7 {main}
"} 
[2018-11-27 19:54:04] production.ERROR: The "" directory does not exist. {"exception":"[object] (InvalidArgumentException(code: 0): The \"\" directory does not exist. at /home/sguser/sugar-garden.org/vendor/symfony/finder/Finder.php:539)
[stacktrace]
#0 /home/sguser/sugar-garden.org/vendor/laravel/framework/src/Illuminate/Foundation/Bootstrap/LoadConfiguration.php(87): Symfony\\Component\\Finder\\Finder->in(false)
#1 /home/sguser/sugar-garden.org/vendor/laravel/framework/src/Illuminate/Foundation/Bootstrap/LoadConfiguration.php(64): Illuminate\\Foundation\\Bootstrap\\LoadConfiguration->getConfigurationFiles(Object(Illuminate\\Foundation\\Application))
#2 /home/sguser/sugar-garden.org/vendor/laravel/framework/src/Illuminate/Foundation/Bootstrap/LoadConfiguration.php(39): Illuminate\\Foundation\\Bootstrap\\LoadConfiguration->loadConfigurationFiles(Object(Illuminate\\Foundation\\Application), Object(Illuminate\\Config\\Repository))
#3 /home/sguser/sugar-garden.org/vendor/laravel/framework/src/Illuminate/Foundation/Application.php(213): Illuminate\\Foundation\\Bootstrap\\LoadConfiguration->bootstrap(Object(Illuminate\\Foundation\\Application))
#4 /home/sguser/sugar-garden.org/vendor/laravel/framework/src/Illuminate/Foundation/Console/Kernel.php(296): Illuminate\\Foundation\\Application->bootstrapWith(Array)
#5 /home/sguser/sugar-garden.org/vendor/laravel/framework/src/Illuminate/Foundation/Console/Kernel.php(119): Illuminate\\Foundation\\Console\\Kernel->bootstrap()
#6 /home/sguser/sugar-garden.org/artisan(73): Illuminate\\Foundation\\Console\\Kernel->handle(Object(Symfony\\Component\\Console\\Input\\ArgvInput), Object(Symfony\\Component\\Console\\Output\\ConsoleOutput))
#7 {main}
"} 
[2018-11-27 19:54:40] production.ERROR: The "" directory does not exist. {"exception":"[object] (InvalidArgumentException(code: 0): The \"\" directory does not exist. at /home/sguser/sugar-garden.org/vendor/symfony/finder/Finder.php:539)
[stacktrace]
#0 /home/sguser/sugar-garden.org/vendor/laravel/framework/src/Illuminate/Foundation/Bootstrap/LoadConfiguration.php(87): Symfony\\Component\\Finder\\Finder->in(false)
#1 /home/sguser/sugar-garden.org/vendor/laravel/framework/src/Illuminate/Foundation/Bootstrap/LoadConfiguration.php(64): Illuminate\\Foundation\\Bootstrap\\LoadConfiguration->getConfigurationFiles(Object(Illuminate\\Foundation\\Application))
#2 /home/sguser/sugar-garden.org/vendor/laravel/framework/src/Illuminate/Foundation/Bootstrap/LoadConfiguration.php(39): Illuminate\\Foundation\\Bootstrap\\LoadConfiguration->loadConfigurationFiles(Object(Illuminate\\Foundation\\Application), Object(Illuminate\\Config\\Repository))
#3 /home/sguser/sugar-garden.org/vendor/laravel/framework/src/Illuminate/Foundation/Application.php(213): Illuminate\\Foundation\\Bootstrap\\LoadConfiguration->bootstrap(Object(Illuminate\\Foundation\\Application))
#4 /home/sguser/sugar-garden.org/vendor/laravel/framework/src/Illuminate/Foundation/Console/Kernel.php(296): Illuminate\\Foundation\\Application->bootstrapWith(Array)
#5 /home/sguser/sugar-garden.org/vendor/laravel/framework/src/Illuminate/Foundation/Console/Kernel.php(119): Illuminate\\Foundation\\Console\\Kernel->bootstrap()
#6 /home/sguser/sugar-garden.org/artisan(73): Illuminate\\Foundation\\Console\\Kernel->handle(Object(Symfony\\Component\\Console\\Input\\ArgvInput), Object(Symfony\\Component\\Console\\Output\\ConsoleOutput))
#7 {main}
"} 
[2018-11-27 19:54:54] production.ERROR: The "" directory does not exist. {"exception":"[object] (InvalidArgumentException(code: 0): The \"\" directory does not exist. at /home/sguser/sugar-garden.org/vendor/symfony/finder/Finder.php:539)
[stacktrace]
#0 /home/sguser/sugar-garden.org/vendor/laravel/framework/src/Illuminate/Foundation/Bootstrap/LoadConfiguration.php(87): Symfony\\Component\\Finder\\Finder->in(false)
#1 /home/sguser/sugar-garden.org/vendor/laravel/framework/src/Illuminate/Foundation/Bootstrap/LoadConfiguration.php(64): Illuminate\\Foundation\\Bootstrap\\LoadConfiguration->getConfigurationFiles(Object(Illuminate\\Foundation\\Application))
#2 /home/sguser/sugar-garden.org/vendor/laravel/framework/src/Illuminate/Foundation/Bootstrap/LoadConfiguration.php(39): Illuminate\\Foundation\\Bootstrap\\LoadConfiguration->loadConfigurationFiles(Object(Illuminate\\Foundation\\Application), Object(Illuminate\\Config\\Repository))
#3 /home/sguser/sugar-garden.org/vendor/laravel/framework/src/Illuminate/Foundation/Application.php(213): Illuminate\\Foundation\\Bootstrap\\LoadConfiguration->bootstrap(Object(Illuminate\\Foundation\\Application))
#4 /home/sguser/sugar-garden.org/vendor/laravel/framework/src/Illuminate/Foundation/Console/Kernel.php(296): Illuminate\\Foundation\\Application->bootstrapWith(Array)
#5 /home/sguser/sugar-garden.org/vendor/laravel/framework/src/Illuminate/Foundation/Console/Kernel.php(119): Illuminate\\Foundation\\Console\\Kernel->bootstrap()
#6 /home/sguser/sugar-garden.org/artisan(73): Illuminate\\Foundation\\Console\\Kernel->handle(Object(Symfony\\Component\\Console\\Input\\ArgvInput), Object(Symfony\\Component\\Console\\Output\\ConsoleOutput))
#7 {main}
"} 
[2018-11-27 20:01:05] production.ERROR: The "" directory does not exist. {"exception":"[object] (InvalidArgumentException(code: 0): The \"\" directory does not exist. at /home/sguser/sugar-garden/vendor/symfony/finder/Finder.php:539)
[stacktrace]
#0 /home/sguser/sugar-garden/vendor/laravel/framework/src/Illuminate/Foundation/Bootstrap/LoadConfiguration.php(87): Symfony\\Component\\Finder\\Finder->in(false)
#1 /home/sguser/sugar-garden/vendor/laravel/framework/src/Illuminate/Foundation/Bootstrap/LoadConfiguration.php(64): Illuminate\\Foundation\\Bootstrap\\LoadConfiguration->getConfigurationFiles(Object(Illuminate\\Foundation\\Application))
#2 /home/sguser/sugar-garden/vendor/laravel/framework/src/Illuminate/Foundation/Bootstrap/LoadConfiguration.php(39): Illuminate\\Foundation\\Bootstrap\\LoadConfiguration->loadConfigurationFiles(Object(Illuminate\\Foundation\\Application), Object(Illuminate\\Config\\Repository))
#3 /home/sguser/sugar-garden/vendor/laravel/framework/src/Illuminate/Foundation/Application.php(213): Illuminate\\Foundation\\Bootstrap\\LoadConfiguration->bootstrap(Object(Illuminate\\Foundation\\Application))
#4 /home/sguser/sugar-garden/vendor/laravel/framework/src/Illuminate/Foundation/Console/Kernel.php(296): Illuminate\\Foundation\\Application->bootstrapWith(Array)
#5 /home/sguser/sugar-garden/vendor/laravel/framework/src/Illuminate/Foundation/Console/Kernel.php(119): Illuminate\\Foundation\\Console\\Kernel->bootstrap()
#6 /home/sguser/sugar-garden/artisan(73): Illuminate\\Foundation\\Console\\Kernel->handle(Object(Symfony\\Component\\Console\\Input\\ArgvInput), Object(Symfony\\Component\\Console\\Output\\ConsoleOutput))
#7 {main}
"} 
